<?xml version="1.0" encoding="UTF-8"?>
<!-- Generated by org.testng.reporters.JUnitXMLReporter -->
<testsuite hostname="ASDP1745PO02529" ignored="0" name="Default test" tests="3" failures="0" timestamp="13 Jul 2017 13:15:37 GMT" time="2.489" errors="0">
  <testcase name="check_for_delete_player" time="2.269" classname="com.qait.WebServices.BoardTest"/>
  <testcase name="check_if_there_are_4_players" time="0.092" classname="com.qait.WebServices.BoardTest"/>
  <testcase name="check_status_code" time="0.094" classname="com.qait.WebServices.BoardTest"/>
</testsuite> <!-- Default test -->
